#
# An unexpected error has been detected by Java Runtime Environment:
#
#  Internal Error (os_windows_x86.cpp:117), pid=9496, tid=6732
#  Error: guarantee(result == -1,"Unexpected result from topLevelExceptionFilter")
#
# Java VM: Java HotSpot(TM) 64-Bit Server VM (11.2-b01 mixed mode windows-amd64)
# If you would like to submit a bug report, please visit:
#   http://java.sun.com/webapps/bugreport/crash.jsp
# The crash happened outside the Java Virtual Machine in native code.
# See problematic frame for where to report the bug.
#

---------------  T H R E A D  ---------------

Current thread (0x000000000450cc00):  JavaThread "main" [_thread_in_native, id=6732, stack(0x0000000000040000,0x0000000001040000)]

Stack: [0x0000000000040000,0x0000000001040000]
[error occurred during error reporting (printing stack bounds), id 0xc0000005]


[error occurred during error reporting (printing native stack), id 0xc0000005]

Java frames: (J=compiled Java code, j=interpreted, Vv=VM code)
j  com.mathworks.jmi.NativeMatlab.ProcessPendingEvents()Z+0
j  com.mathworks.jmi.NativeMatlab.processPendingEvents()Z+8
j  com.mathworks.jmi.Matlab$ProcessPendingEvents.callBooleanMethod(Ljava/lang/Object;)Z+0
j  com.mathworks.util.FactoryUtils.processPendingEvents()Z+12
j  com.mathworks.mde.desk.MLDesktop.canClose()Z+84
j  com.mathworks.mde.desk.MLDesktop$2.call()Ljava/lang/Boolean;+4
j  com.mathworks.mde.desk.MLDesktop$2.call()Ljava/lang/Object;+1
j  com.mathworks.jmi.Matlab.isOkToExit()Z+54
v  ~StubRoutines::call_stub
j  com.mathworks.jmi.NativeMatlab.SendMatlabMessage(Ljava/lang/Object;)Ljava/lang/Object;+0
j  com.mathworks.jmi.NativeMatlab.sendMatlabMessage(Ljava/lang/Object;)Ljava/lang/Object;+22
j  com.mathworks.jmi.MatlabLooper.sendMatlabMessage(Lcom/mathworks/services/message/MWMessage;)Ljava/lang/Object;+20
j  com.mathworks.jmi.Matlab.mtFevalConsoleOutput(Ljava/lang/String;[Ljava/lang/Object;I)Ljava/lang/Object;+58
j  com.mathworks.mde.desk.MLDesktop$9.run()V+14
j  com.mathworks.jmi.NativeMatlab.dispatchMTRequests(Z)V+50
v  ~StubRoutines::call_stub

---------------  P R O C E S S  ---------------

Java Threads: ( => current thread )
  0x00000000360dfc00 JavaThread "Thread-898" [_thread_blocked, id=3476, stack(0x0000000006ba0000,0x0000000006c20000)]
  0x00000000360e2000 JavaThread "Thread-768" [_thread_blocked, id=4732, stack(0x0000000006b20000,0x0000000006ba0000)]
  0x00000000360e0400 JavaThread "Thread-699" [_thread_blocked, id=4132, stack(0x0000000006aa0000,0x0000000006b20000)]
  0x00000000360e1800 JavaThread "Foxtrot Single Worker Thread #1" daemon [_thread_blocked, id=9792, stack(0x0000000006d90000,0x0000000006e10000)]
  0x000000002faf5c00 JavaThread "Thread-284" [_thread_blocked, id=6072, stack(0x0000000007b20000,0x0000000007ba0000)]
  0x000000002faf4000 JavaThread "Active Reference Queue Daemon" daemon [_thread_blocked, id=10708, stack(0x00000000305e0000,0x0000000030660000)]
  0x000000002faf6400 JavaThread "Timer-8" daemon [_thread_blocked, id=4000, stack(0x00000000303e0000,0x0000000030460000)]
  0x000000002faf7800 JavaThread "FelixPackageAdmin" daemon [_thread_blocked, id=6628, stack(0x0000000030560000,0x00000000305e0000)]
  0x000000002faf5800 JavaThread "FelixStartLevel" daemon [_thread_blocked, id=11124, stack(0x00000000304e0000,0x0000000030560000)]
  0x000000002faf4800 JavaThread "FelixDispatchQueue" daemon [_thread_blocked, id=9304, stack(0x0000000030460000,0x00000000304e0000)]
  0x000000002faf6c00 JavaThread "Timer-7" daemon [_thread_blocked, id=10328, stack(0x00000000302f0000,0x0000000030370000)]
  0x000000002faf7400 JavaThread "Prefs Updater" daemon [_thread_blocked, id=10464, stack(0x0000000030190000,0x0000000030210000)]
  0x000000002eecf400 JavaThread "Timer-1" [_thread_blocked, id=10272, stack(0x000000002fec0000,0x000000002ff40000)]
  0x000000002e3fc400 JavaThread "TimerQueue" daemon [_thread_blocked, id=4576, stack(0x000000002fe30000,0x000000002feb0000)]
  0x000000002e206400 JavaThread "AWT-EventQueue-0" [_thread_blocked, id=676, stack(0x000000002fda0000,0x000000002fe20000)]
  0x000000002e225800 JavaThread "AWT-Windows" daemon [_thread_in_native, id=4064, stack(0x000000002e720000,0x000000002e7a0000)]
  0x000000002e22b400 JavaThread "AWT-Shutdown" [_thread_blocked, id=192, stack(0x000000002e6a0000,0x000000002e720000)]
  0x000000002e225000 JavaThread "Java2D Disposer" daemon [_thread_blocked, id=1312, stack(0x000000002e620000,0x000000002e6a0000)]
  0x000000002d9ba400 JavaThread "Timer-0" [_thread_blocked, id=7816, stack(0x000000002dca0000,0x000000002dd20000)]
  0x000000002d8ec400 JavaThread "JMI Unnamed Thread" [_thread_in_native, id=9932, stack(0x0000000005aa0000,0x0000000006aa0000)]
  0x000000002959dc00 JavaThread "Low Memory Detector" daemon [_thread_blocked, id=5328, stack(0x000000002c800000,0x000000002c880000)]
  0x00000000045fe800 JavaThread "CompilerThread1" daemon [_thread_blocked, id=4420, stack(0x000000002b800000,0x000000002c800000)]
  0x00000000045fe000 JavaThread "CompilerThread0" daemon [_thread_blocked, id=8820, stack(0x000000002a800000,0x000000002b800000)]
  0x00000000045fd800 JavaThread "Attach Listener" daemon [_thread_blocked, id=5336, stack(0x000000002a780000,0x000000002a800000)]
  0x00000000045f2400 JavaThread "Finalizer" daemon [_thread_blocked, id=6300, stack(0x000000002a700000,0x000000002a780000)]
  0x0000000029584800 JavaThread "Reference Handler" daemon [_thread_blocked, id=4620, stack(0x0000000004820000,0x00000000048a0000)]
=>0x000000000450cc00 JavaThread "main" [_thread_in_native, id=6732, stack(0x0000000000040000,0x0000000001040000)]

Other Threads:
  0x0000000029580800 VMThread [stack: 0x0000000029700000,0x000000002a700000] [id=9916]
  0x00000000295c1800 WatcherThread [stack: 0x000000002c880000,0x000000002d880000] [id=5232]

VM state:not at safepoint (normal execution)

VM Mutex/Monitor currently owned by a thread: None

Heap
 PSYoungGen      total 13120K, used 9461K [0x0000000022400000, 0x0000000023400000, 0x0000000025500000)
  eden space 9856K, 68% used [0x0000000022400000,0x0000000022a8fdc8,0x0000000022da0000)
  from space 3264K, 83% used [0x0000000022da0000,0x000000002304d6a0,0x00000000230d0000)
  to   space 3264K, 0% used [0x00000000230d0000,0x00000000230d0000,0x0000000023400000)
 PSOldGen        total 100224K, used 75053K [0x0000000019100000, 0x000000001f2e0000, 0x0000000022400000)
  object space 100224K, 74% used [0x0000000019100000,0x000000001da4b540,0x000000001f2e0000)
 PSPermGen       total 106240K, used 56146K [0x0000000011100000, 0x00000000178c0000, 0x0000000019100000)
  object space 106240K, 52% used [0x0000000011100000,0x00000000147d4840,0x00000000178c0000)

Dynamic libraries:
0x0000000140000000 - 0x000000014002a000 	C:\Program Files\MATLAB\R2010a\bin\win64\MATLAB.exe
0x00007ff9023c0000 - 0x00007ff90256c000 	C:\WINDOWS\SYSTEM32\ntdll.dll
0x00007ff901580000 - 0x00007ff9016ba000 	C:\WINDOWS\system32\KERNEL32.DLL
0x00007ff8ff780000 - 0x00007ff8ff88f000 	C:\WINDOWS\system32\KERNELBASE.dll
0x00007ff8fe210000 - 0x00007ff8fe298000 	C:\WINDOWS\system32\apphelp.dll
0x000000007ce80000 - 0x000000007cf96000 	C:\Program Files\MATLAB\R2010a\bin\win64\libut.dll
0x0000000078930000 - 0x0000000078a4e000 	C:\Program Files\MATLAB\R2010a\bin\win64\libmwfl.dll
0x000000007d010000 - 0x000000007d298000 	C:\Program Files\MATLAB\R2010a\bin\win64\libmwservices.dll
0x000000007ad90000 - 0x000000007ae2e000 	C:\Program Files\MATLAB\R2010a\bin\win64\mcr.dll
0x0000000065b10000 - 0x0000000065c19000 	C:\WINDOWS\WinSxS\amd64_microsoft.vc80.crt_1fc8b3b9a1e18e3b_8.0.50727.8428_none_88dcdb0b2fb19957\MSVCP80.dll
0x0000000065a40000 - 0x0000000065b09000 	C:\WINDOWS\WinSxS\amd64_microsoft.vc80.crt_1fc8b3b9a1e18e3b_8.0.50727.8428_none_88dcdb0b2fb19957\MSVCR80.dll
0x00007ff901980000 - 0x00007ff901995000 	C:\WINDOWS\system32\imagehlp.dll
0x00007ff8ffdc0000 - 0x00007ff8ffdc7000 	C:\WINDOWS\system32\PSAPI.DLL
0x000000007d660000 - 0x000000007d688000 	C:\Program Files\MATLAB\R2010a\bin\win64\LIBEXPAT.dll
0x000000007d380000 - 0x000000007d4ac000 	C:\Program Files\MATLAB\R2010a\bin\win64\icuuc40.dll
0x000000007c8c0000 - 0x000000007c8d0000 	C:\Program Files\MATLAB\R2010a\bin\win64\icuio40.dll
0x00007ff8ffbd0000 - 0x00007ff8ffd41000 	C:\WINDOWS\system32\USER32.dll
0x00007ff8ffdd0000 - 0x00007ff8ffe75000 	C:\WINDOWS\system32\ADVAPI32.dll
0x00000000788c0000 - 0x00000000788fe000 	C:\Program Files\MATLAB\R2010a\bin\win64\tbb.dll
0x000000007e960000 - 0x000000007e96f000 	C:\Program Files\MATLAB\R2010a\bin\win64\boost_date_time-vc80-mt-1_36.dll
0x000000007ebf0000 - 0x000000007ec0d000 	C:\Program Files\MATLAB\R2010a\bin\win64\boost_filesystem-vc80-mt-1_36.dll
0x000000007e940000 - 0x000000007e956000 	C:\Program Files\MATLAB\R2010a\bin\win64\boost_signals-vc80-mt-1_36.dll
0x000000007dbd0000 - 0x000000007dbd9000 	C:\Program Files\MATLAB\R2010a\bin\win64\boost_system-vc80-mt-1_36.dll
0x000000007c890000 - 0x000000007c8a1000 	C:\Program Files\MATLAB\R2010a\bin\win64\boost_thread-vc80-mt-1_36.dll
0x000000007cfa0000 - 0x000000007d00d000 	C:\Program Files\MATLAB\R2010a\bin\win64\libmx.dll
0x000000007d2a0000 - 0x000000007d37c000 	C:\Program Files\MATLAB\R2010a\bin\win64\libmwmathutil.dll
0x000000007a9b0000 - 0x000000007aa0e000 	C:\Program Files\MATLAB\R2010a\bin\win64\mpath.dll
0x000000007d690000 - 0x000000007d812000 	C:\Program Files\MATLAB\R2010a\bin\win64\mlutil.dll
0x00007ff8ff6d0000 - 0x00007ff8ff771000 	C:\WINDOWS\WinSxS\amd64_microsoft.windows.common-controls_6595b64144ccf1df_5.82.9600.16384_none_34a8918f959016ea\COMCTL32.dll
0x00007ff901b00000 - 0x00007ff901b9e000 	C:\WINDOWS\system32\comdlg32.dll
0x00007ff8fbf60000 - 0x00007ff8fbf75000 	C:\WINDOWS\SYSTEM32\NETAPI32.dll
0x00007ff901ce0000 - 0x00007ff901d38000 	C:\WINDOWS\system32\WS2_32.dll
0x00007ff8ffe80000 - 0x00007ff901398000 	C:\WINDOWS\system32\SHELL32.dll
0x000000007f7c0000 - 0x000000007f7e5000 	C:\Program Files\MATLAB\R2010a\bin\win64\libmwi18n.dll
0x000000007c8d0000 - 0x000000007c983000 	C:\Program Files\MATLAB\R2010a\bin\win64\iqm.dll
0x000000007f780000 - 0x000000007f7ac000 	C:\Program Files\MATLAB\R2010a\bin\win64\libmwbridge.dll
0x000000007c9b0000 - 0x000000007c9c6000 	C:\Program Files\MATLAB\R2010a\bin\win64\libmex.dll
0x000000007abf0000 - 0x000000007aca4000 	C:\Program Files\MATLAB\R2010a\bin\win64\m_dispatcher.dll
0x0000000078a50000 - 0x0000000078d2f000 	C:\Program Files\MATLAB\R2010a\bin\win64\mcos.dll
0x000000007d4b0000 - 0x000000007d604000 	C:\Program Files\MATLAB\R2010a\bin\win64\libmwgui.dll
0x0000000079320000 - 0x0000000079acf000 	C:\Program Files\MATLAB\R2010a\bin\win64\hg.dll
0x0000000078670000 - 0x0000000078721000 	C:\Program Files\MATLAB\R2010a\bin\win64\hgutils.dll
0x000000007b500000 - 0x000000007bdb0000 	C:\Program Files\MATLAB\R2010a\bin\win64\m_interpreter.dll
0x000000007a860000 - 0x000000007a8e3000 	C:\Program Files\MATLAB\R2010a\bin\win64\jmi.dll
0x000000007ae30000 - 0x000000007aee6000 	C:\Program Files\MATLAB\R2010a\bin\win64\udd_mi.dll
0x000000007c5c0000 - 0x000000007c881000 	C:\Program Files\MATLAB\R2010a\bin\win64\uiw.dll
0x0000000079220000 - 0x000000007923f000 	C:\Program Files\MATLAB\R2010a\bin\win64\mwoles05.DLL
0x000000007aa10000 - 0x000000007aa82000 	C:\Program Files\MATLAB\R2010a\bin\win64\comcli.dll
0x000000007ca80000 - 0x000000007ca8e000 	C:\Program Files\MATLAB\R2010a\bin\win64\mlautoregister.dll
0x00007ff902030000 - 0x00007ff902174000 	C:\WINDOWS\system32\GDI32.dll
0x00007ff902240000 - 0x00007ff9023b8000 	C:\WINDOWS\system32\ole32.dll
0x00007ff9018d0000 - 0x00007ff901977000 	C:\WINDOWS\system32\msvcrt.dll
0x000000007c8b0000 - 0x000000007c8b3000 	C:\Program Files\MATLAB\R2010a\bin\win64\icudt40.dll
0x000000007cb00000 - 0x000000007cc53000 	C:\Program Files\MATLAB\R2010a\bin\win64\icuin40.dll
0x00007ff8ffb10000 - 0x00007ff8ffb67000 	C:\WINDOWS\SYSTEM32\sechost.dll
0x00007ff901ba0000 - 0x00007ff901cd7000 	C:\WINDOWS\system32\RPCRT4.dll
0x00000000792b0000 - 0x00000000792c7000 	C:\Program Files\MATLAB\R2010a\bin\win64\zlib1.dll
0x000000007e860000 - 0x000000007e8ec000 	C:\Program Files\MATLAB\R2010a\bin\win64\xmlcore.dll
0x00007ff8ffb70000 - 0x00007ff8ffbc1000 	C:\WINDOWS\system32\SHLWAPI.dll
0x00007ff8fefd0000 - 0x00007ff8fefdc000 	C:\WINDOWS\SYSTEM32\netutils.dll
0x00007ff8ff200000 - 0x00007ff8ff225000 	C:\WINDOWS\SYSTEM32\srvcli.dll
0x00007ff8fc470000 - 0x00007ff8fc486000 	C:\WINDOWS\SYSTEM32\wkscli.dll
0x00007ff8ffdb0000 - 0x00007ff8ffdb9000 	C:\WINDOWS\system32\NSI.dll
0x00007ff901d80000 - 0x00007ff901f56000 	C:\WINDOWS\SYSTEM32\combase.dll
0x000000007c4f0000 - 0x000000007c5b7000 	C:\Program Files\MATLAB\R2010a\bin\win64\udd.dll
0x000000007a320000 - 0x000000007a5b5000 	C:\Program Files\MATLAB\R2010a\bin\win64\xerces-c_2_7.dll
0x000000007ead0000 - 0x000000007ebc1000 	C:\Program Files\MATLAB\R2010a\bin\win64\boost_regex-vc80-mt-1_36.dll
0x0000000079100000 - 0x0000000079150000 	C:\Program Files\MATLAB\R2010a\bin\win64\libmat.dll
0x000000007a790000 - 0x000000007a7d6000 	C:\Program Files\MATLAB\R2010a\bin\win64\libmwhardcopy.dll
0x000000007a8f0000 - 0x000000007a959000 	C:\Program Files\MATLAB\R2010a\bin\win64\libuij.dll
0x0000000078730000 - 0x00000000788b3000 	C:\Program Files\MATLAB\R2010a\bin\win64\hgdatatypes.dll
0x0000000079150000 - 0x00000000791cc000 	C:\Program Files\MATLAB\R2010a\bin\win64\libmwlapack.dll
0x00000000658a0000 - 0x0000000065a3c000 	C:\WINDOWS\WinSxS\amd64_microsoft.vc80.mfc_1fc8b3b9a1e18e3b_8.0.50727.6195_none_8448b2bd328df189\MFC80.DLL
0x00007ff8fc850000 - 0x00007ff8fc8cb000 	C:\WINDOWS\SYSTEM32\WINSPOOL.DRV
0x00007ff901f60000 - 0x00007ff902021000 	C:\WINDOWS\system32\OLEAUT32.dll
0x000000007aa90000 - 0x000000007ab27000 	C:\Program Files\MATLAB\R2010a\bin\win64\profiler.dll
0x000000007ca40000 - 0x000000007ca71000 	C:\Program Files\MATLAB\R2010a\bin\win64\libmwmathrng.dll
0x0000000079200000 - 0x000000007921a000 	C:\Program Files\MATLAB\R2010a\bin\win64\m_pcodeio.dll
0x000000007a960000 - 0x000000007a9ad000 	C:\Program Files\MATLAB\R2010a\bin\win64\m_ir.dll
0x000000007aef0000 - 0x000000007b4f1000 	C:\Program Files\MATLAB\R2010a\bin\win64\m_parser.dll
0x00000000791d0000 - 0x00000000791f6000 	C:\Program Files\MATLAB\R2010a\bin\win64\m_pcodegen.dll
0x000000007f720000 - 0x000000007f772000 	C:\Program Files\MATLAB\R2010a\bin\win64\libmwspmatrix.dll
0x00007ff8ebf10000 - 0x00007ff8ec098000 	C:\WINDOWS\SYSTEM32\dbghelp.dll
0x000000007caf0000 - 0x000000007cafa000 	C:\Program Files\MATLAB\R2010a\bin\win64\uinone.dll
0x0000000066ab0000 - 0x0000000066ad0000 	C:\WINDOWS\WinSxS\amd64_microsoft.vc80.atl_1fc8b3b9a1e18e3b_8.0.50727.6195_none_8a1dd9552ed7f8d8\ATL80.DLL
0x000000007cc60000 - 0x000000007ce7b000 	C:\Program Files\MATLAB\R2010a\bin\win64\libhdf5.dll
0x000000007c9e0000 - 0x000000007c9f3000 	C:\Program Files\MATLAB\R2010a\bin\win64\libmwbinder.dll
0x000000007c990000 - 0x000000007c9a4000 	C:\Program Files\MATLAB\R2010a\bin\win64\ir_xfmr.dll
0x000000007ca90000 - 0x000000007ca9c000 	C:\Program Files\MATLAB\R2010a\bin\win64\mtok.dll
0x00007ff8fdbc0000 - 0x00007ff8fdc72000 	C:\WINDOWS\SYSTEM32\SHCORE.DLL
0x00007ff901d40000 - 0x00007ff901d74000 	C:\WINDOWS\system32\IMM32.DLL
0x00007ff9019a0000 - 0x00007ff901af1000 	C:\WINDOWS\system32\MSCTF.dll
0x0000000067150000 - 0x000000006715d000 	C:\WINDOWS\WinSxS\amd64_microsoft.vc80.mfcloc_1fc8b3b9a1e18e3b_8.0.50727.6195_none_bc20f59b0bdd1acd\MFC80ENU.DLL
0x00007ff8ff600000 - 0x00007ff8ff614000 	C:\WINDOWS\SYSTEM32\profapi.dll
0x00007ff8fe4b0000 - 0x00007ff8fe4ba000 	C:\WINDOWS\SYSTEM32\kernel.appcore.dll
0x00007ff8ff470000 - 0x00007ff8ff47a000 	C:\WINDOWS\SYSTEM32\CRYPTBASE.dll
0x00007ff8ff410000 - 0x00007ff8ff470000 	C:\WINDOWS\SYSTEM32\bcryptPrimitives.dll
0x00007ff8fe360000 - 0x00007ff8fe481000 	C:\WINDOWS\system32\uxtheme.dll
0x00007ff8fa080000 - 0x00007ff8fa118000 	C:\Program Files\Common Files\microsoft shared\ink\tiptsf.dll
0x00007ff902190000 - 0x00007ff902234000 	C:\WINDOWS\SYSTEM32\clbcatq.dll
0x00007ff8fa120000 - 0x00007ff8fa28f000 	C:\WINDOWS\SYSTEM32\PROPSYS.dll
0x00007ff8f9240000 - 0x00007ff8f9269000 	C:\WINDOWS\SYSTEM32\iphlpapi.dll
0x00007ff8f91d0000 - 0x00007ff8f91da000 	C:\WINDOWS\SYSTEM32\WINNSI.DLL
0x00007ff8febc0000 - 0x00007ff8fec63000 	C:\WINDOWS\SYSTEM32\DNSAPI.dll
0x00007ff8f8400000 - 0x00007ff8f8414000 	C:\WINDOWS\SYSTEM32\dhcpcsvc6.DLL
0x00007ff8f89a0000 - 0x00007ff8f89b9000 	C:\WINDOWS\SYSTEM32\dhcpcsvc.DLL
0x00007ff8fd630000 - 0x00007ff8fd633000 	C:\WINDOWS\SYSTEM32\icmp.Dll
0x00007ff8ffa70000 - 0x00007ff8ffaba000 	C:\WINDOWS\system32\cfgmgr32.dll
0x000000006d7f0000 - 0x000000006dda8000 	C:\Program Files\MATLAB\R2010a\sys\java\jre\win64\jre\bin\server\jvm.dll
0x00007ff8fcd30000 - 0x00007ff8fcd4f000 	C:\WINDOWS\SYSTEM32\WINMM.dll
0x00007ff8fcc00000 - 0x00007ff8fcc2a000 	C:\WINDOWS\SYSTEM32\WINMMBASE.dll
0x00007ff8fe330000 - 0x00007ff8fe356000 	C:\WINDOWS\SYSTEM32\DEVOBJ.dll
0x00007ff8fc610000 - 0x00007ff8fc673000 	C:\WINDOWS\SYSTEM32\oleacc.dll
0x000000007aba0000 - 0x000000007abaa000 	C:\Program Files\MATLAB\R2010a\sys\java\jre\win64\jre\bin\hpi.dll
0x000000007abc0000 - 0x000000007abce000 	C:\Program Files\MATLAB\R2010a\sys\java\jre\win64\jre\bin\verify.dll
0x00000000792d0000 - 0x00000000792f7000 	C:\Program Files\MATLAB\R2010a\sys\java\jre\win64\jre\bin\java.dll
0x000000007abd0000 - 0x000000007abe2000 	C:\Program Files\MATLAB\R2010a\sys\java\jre\win64\jre\bin\zip.dll
0x0000000079240000 - 0x000000007926b000 	C:\Program Files\MATLAB\R2010a\bin\win64\nativejava.dll
0x00007ff8f1a10000 - 0x00007ff8f1a2b000 	C:\WINDOWS\SYSTEM32\MPR.dll
0x0000000079270000 - 0x00000000792a7000 	C:\Program Files\MATLAB\R2010a\bin\win64\nativejmi.dll
0x000000007cae0000 - 0x000000007caed000 	C:\Program Files\MATLAB\R2010a\bin\win64\nativeservices.dll
0x000000007a5c0000 - 0x000000007a782000 	C:\Program Files\MATLAB\R2010a\sys\java\jre\win64\jre\bin\awt.dll
0x00007ff8fd9f0000 - 0x00007ff8fda10000 	C:\WINDOWS\SYSTEM32\DWMAPI.DLL
0x000000007acb0000 - 0x000000007ad1b000 	C:\Program Files\MATLAB\R2010a\sys\java\jre\win64\jre\bin\fontmanager.dll
0x0000000079300000 - 0x0000000079317000 	C:\Program Files\MATLAB\R2010a\sys\java\jre\win64\jre\bin\net.dll
0x00007ff8fee10000 - 0x00007ff8fee68000 	C:\WINDOWS\system32\mswsock.dll
0x000000007abb0000 - 0x000000007abbb000 	C:\Program Files\MATLAB\R2010a\sys\java\jre\win64\jre\bin\nio.dll
0x0000000078300000 - 0x0000000078310000 	C:\Program Files\MATLAB\R2010a\bin\win64\nativelmgr.dll

VM Arguments:
jvm_args: -Xss512k -XX:PermSize=32m -Xms64m -XX:NewRatio=3 -XX:MaxPermSize=128m -Xmx196m -XX:MaxDirectMemorySize=2147400000 -Dsun.java2d.noddraw=true -Dsun.awt.nopixfmt=true -Xshare:off -Xrs -Djava.library.path=C:\Program Files\MATLAB\R2010a\bin\win64 vfprintf abort 
java_command: <unknown>
Launcher Type: generic

Environment Variables:
PATH=C:\Program Files (x86)\Lenovo\FusionEngine;C:\Program Files (x86)\NVIDIA Corporation\PhysX\Common;C:\Program Files (x86)\Intel\iCLS Client\;C:\Program Files\Intel\iCLS Client\;C:\WINDOWS\system32;C:\WINDOWS;C:\WINDOWS\System32\Wbem;C:\WINDOWS\System32\WindowsPowerShell\v1.0\;C:\Program Files\Intel\Intel(R) Management Engine Components\DAL;C:\Program Files\Intel\Intel(R) Management Engine Components\IPT;C:\Program Files (x86)\Intel\Intel(R) Management Engine Components\DAL;C:\Program Files (x86)\Intel\Intel(R) Management Engine Components\IPT;C:\Program Files (x86)\Common Files\lenovo\easyplussdk\bin;C:\Program Files\MATLAB\R2010a\runtime\win64;C:\Program Files\MATLAB\R2010a\bin;C:\Program Files (x86)\Skype\Phone\;C:\Program Files (x86)\Git\cmd
USERNAME=Shivesh
OS=Windows_NT
PROCESSOR_IDENTIFIER=Intel64 Family 6 Model 69 Stepping 1, GenuineIntel



---------------  S Y S T E M  ---------------

OS: Windows NT 6.2 Build 9200 

CPU:total 4 (8 cores per cpu, 2 threads per core) family 6 model 5 stepping 1, cmov, cx8, fxsr, mmx, sse, sse2, sse3, ssse3, ht

Memory: 4k page, physical 8294408k(2933644k free), swap 9605128k(2585044k free)

vm_info: Java HotSpot(TM) 64-Bit Server VM (11.2-b01) for windows-amd64 JRE (1.6.0_12-b04), built on Jan 17 2009 01:49:05 by "java_re" with MS VC++ 8.0

time: Wed Apr 01 12:04:42 2015
elapsed time: 5046 seconds

